0 info it worked if it ends with ok
1 verbose cli [ '/usr/bin/nodejs', '/usr/bin/npm', 'publish' ]
2 info using npm@3.10.10
3 info using node@v6.11.1
4 verbose publish [ '.' ]
5 silly cache add args [ '.', null ]
6 verbose cache add spec .
7 silly cache add parsed spec Result {
7 silly cache add   raw: '.',
7 silly cache add   scope: null,
7 silly cache add   escapedName: null,
7 silly cache add   name: null,
7 silly cache add   rawSpec: '.',
7 silly cache add   spec: '/home/scott/Work/Contractor/_OPEN/Content Writers Group/etherpad/ep_embedded_hyperlinks',
7 silly cache add   type: 'directory' }
8 verbose addLocalDirectory /home/scott/.npm/ep_embedded_hyperlinks/1.0.3/package.tgz not in flight; packing
9 verbose correctMkdir /home/scott/.npm correctMkdir not in flight; initializing
10 info lifecycle ep_embedded_hyperlinks@1.0.3~prepublish: ep_embedded_hyperlinks@1.0.3
11 silly lifecycle ep_embedded_hyperlinks@1.0.3~prepublish: no script for prepublish, continuing
12 verbose tar pack [ '/home/scott/.npm/ep_embedded_hyperlinks/1.0.3/package.tgz',
12 verbose tar pack   '/home/scott/Work/Contractor/_OPEN/Content Writers Group/etherpad/ep_embedded_hyperlinks' ]
13 verbose tarball /home/scott/.npm/ep_embedded_hyperlinks/1.0.3/package.tgz
14 verbose folder /home/scott/Work/Contractor/_OPEN/Content Writers Group/etherpad/ep_embedded_hyperlinks
15 verbose addLocalTarball adding from inside cache /home/scott/.npm/ep_embedded_hyperlinks/1.0.3/package.tgz
16 verbose correctMkdir /home/scott/.npm correctMkdir not in flight; initializing
17 silly cache afterAdd ep_embedded_hyperlinks@1.0.3
18 verbose afterAdd /home/scott/.npm/ep_embedded_hyperlinks/1.0.3/package/package.json not in flight; writing
19 verbose correctMkdir /home/scott/.npm correctMkdir not in flight; initializing
20 verbose afterAdd /home/scott/.npm/ep_embedded_hyperlinks/1.0.3/package/package.json written
21 silly publish { name: 'ep_embedded_hyperlinks',
21 silly publish   version: '1.0.3',
21 silly publish   description: 'ep_embedded_hyperlinks',
21 silly publish   author: { name: '@inicio Royal Feline' },
21 silly publish   contributors: [],
21 silly publish   dependencies: {},
21 silly publish   engines: { node: '*' },
21 silly publish   repository:
21 silly publish    { type: 'git',
21 silly publish      url: 'git+https://github.com/inicio/ep_embedded_hyperlinks.git' },
21 silly publish   readme: 'ep_embedded_hyperlinks\n\n## Etherpad plugin to add embedded hyperlinks in a pad.\n',
21 silly publish   readmeFilename: 'README.md',
21 silly publish   gitHead: 'adf5c27d05a7e39bc4bd584abe1a2b0d32d5c259',
21 silly publish   bugs: { url: 'https://github.com/inicio/ep_embedded_hyperlinks/issues' },
21 silly publish   homepage: 'https://github.com/inicio/ep_embedded_hyperlinks#readme',
21 silly publish   _id: 'ep_embedded_hyperlinks@1.0.3',
21 silly publish   scripts: {},
21 silly publish   _shasum: '07313a99516c0342273d97e5a47c5ea688e719b9',
21 silly publish   _from: '.' }
22 verbose getPublishConfig undefined
23 silly mapToRegistry name ep_embedded_hyperlinks
24 silly mapToRegistry using default registry
25 silly mapToRegistry registry https://registry.npmjs.org/
26 silly mapToRegistry data Result {
26 silly mapToRegistry   raw: 'ep_embedded_hyperlinks',
26 silly mapToRegistry   scope: null,
26 silly mapToRegistry   escapedName: 'ep_embedded_hyperlinks',
26 silly mapToRegistry   name: 'ep_embedded_hyperlinks',
26 silly mapToRegistry   rawSpec: '',
26 silly mapToRegistry   spec: 'latest',
26 silly mapToRegistry   type: 'tag' }
27 silly mapToRegistry uri https://registry.npmjs.org/ep_embedded_hyperlinks
28 verbose publish registryBase https://registry.npmjs.org/
29 silly publish uploading /home/scott/.npm/ep_embedded_hyperlinks/1.0.3/package.tgz
30 verbose request uri https://registry.npmjs.org/ep_embedded_hyperlinks
31 verbose request sending authorization for write operation
32 info attempt registry request try #1 at 1:08:27 PM
33 verbose request using bearer token for auth
34 verbose request id a3f22deacf59f04b
35 http request PUT https://registry.npmjs.org/ep_embedded_hyperlinks
36 http 403 https://registry.npmjs.org/ep_embedded_hyperlinks
37 verbose headers { 'content-type': 'application/json',
37 verbose headers   'cache-control': 'max-age=300',
37 verbose headers   'content-length': '95',
37 verbose headers   'accept-ranges': 'bytes',
37 verbose headers   date: 'Wed, 12 Jul 2017 16:08:29 GMT',
37 verbose headers   via: '1.1 varnish',
37 verbose headers   connection: 'keep-alive',
37 verbose headers   'x-served-by': 'cache-jfk8131-JFK',
37 verbose headers   'x-cache': 'MISS',
37 verbose headers   'x-cache-hits': '0',
37 verbose headers   'x-timer': 'S1499875709.798926,VS0,VE909',
37 verbose headers   vary: 'Accept-Encoding, Accept' }
38 verbose request invalidating /home/scott/.npm/registry.npmjs.org/ep_embedded_hyperlinks on PUT
39 error publish Failed PUT 403
40 verbose stack Error: "You cannot publish over the previously published version 1.0.3." : ep_embedded_hyperlinks
40 verbose stack     at makeError (/usr/lib/node_modules/npm/node_modules/npm-registry-client/lib/request.js:302:12)
40 verbose stack     at CachingRegistryClient.<anonymous> (/usr/lib/node_modules/npm/node_modules/npm-registry-client/lib/request.js:290:14)
40 verbose stack     at Request._callback (/usr/lib/node_modules/npm/node_modules/npm-registry-client/lib/request.js:210:14)
40 verbose stack     at Request.self.callback (/usr/lib/node_modules/npm/node_modules/request/request.js:187:22)
40 verbose stack     at emitTwo (events.js:106:13)
40 verbose stack     at Request.emit (events.js:191:7)
40 verbose stack     at Request.<anonymous> (/usr/lib/node_modules/npm/node_modules/request/request.js:1048:10)
40 verbose stack     at emitOne (events.js:96:13)
40 verbose stack     at Request.emit (events.js:188:7)
40 verbose stack     at IncomingMessage.<anonymous> (/usr/lib/node_modules/npm/node_modules/request/request.js:969:12)
41 verbose statusCode 403
42 verbose pkgid ep_embedded_hyperlinks
43 verbose cwd /home/scott/Work/Contractor/_OPEN/Content Writers Group/etherpad/ep_embedded_hyperlinks
44 error Linux 4.8.0-56-generic
45 error argv "/usr/bin/nodejs" "/usr/bin/npm" "publish"
46 error node v6.11.1
47 error npm  v3.10.10
48 error code E403
49 error "You cannot publish over the previously published version 1.0.3." : ep_embedded_hyperlinks
50 error If you need help, you may report this error at:
50 error     <https://github.com/npm/npm/issues>
51 verbose exit [ 1, true ]
